[2025-12-09T14:20:35.930Z] Analysis Route Error: ENOENT: no such file or directory, open 'C:\ROOT\node_modules\geoip-lite\data\geoip-country.dat'
Stack: Error: ENOENT: no such file or directory, open 'C:\ROOT\node_modules\geoip-lite\data\geoip-country.dat'
    at Object.openSync (node:fs:562:18)
    at preload (C:\Users\smt1s\OneDrive\Belgeler\GitHub\LogIz\.next\dev\server\chunks\node_modules_1e155f36._.js:4122:26)
    at module evaluation (C:\Users\smt1s\OneDrive\Belgeler\GitHub\LogIz\.next\dev\server\chunks\node_modules_1e155f36._.js:4291:1)
    at instantiateModule (C:\Users\smt1s\OneDrive\Belgeler\GitHub\LogIz\.next\dev\server\chunks\[turbopack]_runtime.js:715:9)
    at getOrInstantiateModuleFromParent (C:\Users\smt1s\OneDrive\Belgeler\GitHub\LogIz\.next\dev\server\chunks\[turbopack]_runtime.js:738:12)
    at Context.commonJsRequire [as r] (C:\Users\smt1s\OneDrive\Belgeler\GitHub\LogIz\.next\dev\server\chunks\[turbopack]_runtime.js:249:12)
    at C:\Users\smt1s\OneDrive\Belgeler\GitHub\LogIz\.next\dev\server\chunks\[root-of-the-server]__10675486._.js:356:51
    at Array.map (<anonymous>)
    at POST (C:\Users\smt1s\OneDrive\Belgeler\GitHub\LogIz\.next\dev\server\chunks\[root-of-the-server]__10675486._.js:352:66)
    at async AppRouteRouteModule.do (C:\Users\smt1s\OneDrive\Belgeler\GitHub\LogIz\node_modules\next\dist\compiled\next-server\app-route-turbo.runtime.dev.js:23:37913)
    at async AppRouteRouteModule.handle (C:\Users\smt1s\OneDrive\Belgeler\GitHub\LogIz\node_modules\next\dist\compiled\next-server\app-route-turbo.runtime.dev.js:23:45132)
    at async responseGenerator (C:\Users\smt1s\OneDrive\Belgeler\GitHub\LogIz\.next\dev\server\chunks\node_modules_next_d8be0003._.js:14318:38)
    at async AppRouteRouteModule.handleResponse (C:\Users\smt1s\OneDrive\Belgeler\GitHub\LogIz\node_modules\next\dist\compiled\next-server\app-route-turbo.runtime.dev.js:19:132654)
    at async handleResponse (C:\Users\smt1s\OneDrive\Belgeler\GitHub\LogIz\.next\dev\server\chunks\node_modules_next_d8be0003._.js:14380:32)
    at async handler (C:\Users\smt1s\OneDrive\Belgeler\GitHub\LogIz\.next\dev\server\chunks\node_modules_next_d8be0003._.js:14433:13)
    at async DevServer.renderToResponseWithComponentsImpl (C:\Users\smt1s\OneDrive\Belgeler\GitHub\LogIz\node_modules\next\dist\server\base-server.js:1415:9)
    at async DevServer.renderPageComponent (C:\Users\smt1s\OneDrive\Belgeler\GitHub\LogIz\node_modules\next\dist\server\base-server.js:1467:24)
    at async DevServer.renderToResponseImpl (C:\Users\smt1s\OneDrive\Belgeler\GitHub\LogIz\node_modules\next\dist\server\base-server.js:1517:32)
    at async DevServer.pipeImpl (C:\Users\smt1s\OneDrive\Belgeler\GitHub\LogIz\node_modules\next\dist\server\base-server.js:1023:25)
    at async NextNodeServer.handleCatchallRenderRequest (C:\Users\smt1s\OneDrive\Belgeler\GitHub\LogIz\node_modules\next\dist\server\next-server.js:394:17)
    at async DevServer.handleRequestImpl (C:\Users\smt1s\OneDrive\Belgeler\GitHub\LogIz\node_modules\next\dist\server\base-server.js:914:17)
    at async C:\Users\smt1s\OneDrive\Belgeler\GitHub\LogIz\node_modules\next\dist\server\dev\next-dev-server.js:373:20
    at async Span.traceAsyncFn (C:\Users\smt1s\OneDrive\Belgeler\GitHub\LogIz\node_modules\next\dist\trace\trace.js:157:20)
    at async DevServer.handleRequest (C:\Users\smt1s\OneDrive\Belgeler\GitHub\LogIz\node_modules\next\dist\server\dev\next-dev-server.js:369:24)
    at async invokeRender (C:\Users\smt1s\OneDrive\Belgeler\GitHub\LogIz\node_modules\next\dist\server\lib\router-server.js:240:21)
    at async handleRequest (C:\Users\smt1s\OneDrive\Belgeler\GitHub\LogIz\node_modules\next\dist\server\lib\router-server.js:436:24)
    at async requestHandlerImpl (C:\Users\smt1s\OneDrive\Belgeler\GitHub\LogIz\node_modules\next\dist\server\lib\router-server.js:484:13)
    at async Server.requestListener (C:\Users\smt1s\OneDrive\Belgeler\GitHub\LogIz\node_modules\next\dist\server\lib\start-server.js:226:13)
[2025-12-09T16:08:51.890Z] Analysis Route Error: 
Invalid `__TURBOPACK__imported__module__$5b$project$5d2f$lib$2f$prisma$2e$ts__$5b$app$2d$route$5d$__$28$ecmascript$29$__["prisma"].threat.create()` invocation in
C:\Users\smt1s\OneDrive\Belgeler\GitHub\LogIz\.next\dev\server\chunks\[root-of-the-server]__10675486._.js:363:149

  360         console.warn('GeoIP lookup failed:', e);
  361     }
  362 }
→ 363 return __TURBOPACK__imported__module__$5b$project$5d2f$lib$2f$prisma$2e$ts__$5b$app$2d$route$5d$__$28$ecmascript$29$__["prisma"].threat.create(
Can't reach database server at `aws-1-ap-northeast-1.pooler.supabase.com:6543`

Please make sure your database server is running at `aws-1-ap-northeast-1.pooler.supabase.com:6543`.
Stack: PrismaClientKnownRequestError: 
Invalid `__TURBOPACK__imported__module__$5b$project$5d2f$lib$2f$prisma$2e$ts__$5b$app$2d$route$5d$__$28$ecmascript$29$__["prisma"].threat.create()` invocation in
C:\Users\smt1s\OneDrive\Belgeler\GitHub\LogIz\.next\dev\server\chunks\[root-of-the-server]__10675486._.js:363:149

  360         console.warn('GeoIP lookup failed:', e);
  361     }
  362 }
→ 363 return __TURBOPACK__imported__module__$5b$project$5d2f$lib$2f$prisma$2e$ts__$5b$app$2d$route$5d$__$28$ecmascript$29$__["prisma"].threat.create(
Can't reach database server at `aws-1-ap-northeast-1.pooler.supabase.com:6543`

Please make sure your database server is running at `aws-1-ap-northeast-1.pooler.supabase.com:6543`.
    at ei.handleRequestError (C:\Users\smt1s\OneDrive\Belgeler\GitHub\LogIz\node_modules\@prisma\client\runtime\library.js:121:7268)
    at ei.handleAndLogRequestError (C:\Users\smt1s\OneDrive\Belgeler\GitHub\LogIz\node_modules\@prisma\client\runtime\library.js:121:6593)
    at ei.request (C:\Users\smt1s\OneDrive\Belgeler\GitHub\LogIz\node_modules\@prisma\client\runtime\library.js:121:6300)
    at async a (C:\Users\smt1s\OneDrive\Belgeler\GitHub\LogIz\node_modules\@prisma\client\runtime\library.js:130:9551)
    at async Promise.all (index 2)
    at async POST (C:\Users\smt1s\OneDrive\Belgeler\GitHub\LogIz\.next\dev\server\chunks\[root-of-the-server]__10675486._.js:352:25)
    at async AppRouteRouteModule.do (C:\Users\smt1s\OneDrive\Belgeler\GitHub\LogIz\node_modules\next\dist\compiled\next-server\app-route-turbo.runtime.dev.js:23:37913)
    at async AppRouteRouteModule.handle (C:\Users\smt1s\OneDrive\Belgeler\GitHub\LogIz\node_modules\next\dist\compiled\next-server\app-route-turbo.runtime.dev.js:23:45132)
    at async responseGenerator (C:\Users\smt1s\OneDrive\Belgeler\GitHub\LogIz\.next\dev\server\chunks\node_modules_next_d8be0003._.js:14318:38)
    at async AppRouteRouteModule.handleResponse (C:\Users\smt1s\OneDrive\Belgeler\GitHub\LogIz\node_modules\next\dist\compiled\next-server\app-route-turbo.runtime.dev.js:19:132654)
    at async handleResponse (C:\Users\smt1s\OneDrive\Belgeler\GitHub\LogIz\.next\dev\server\chunks\node_modules_next_d8be0003._.js:14380:32)
    at async handler (C:\Users\smt1s\OneDrive\Belgeler\GitHub\LogIz\.next\dev\server\chunks\node_modules_next_d8be0003._.js:14433:13)
    at async DevServer.renderToResponseWithComponentsImpl (C:\Users\smt1s\OneDrive\Belgeler\GitHub\LogIz\node_modules\next\dist\server\base-server.js:1415:9)
    at async DevServer.renderPageComponent (C:\Users\smt1s\OneDrive\Belgeler\GitHub\LogIz\node_modules\next\dist\server\base-server.js:1467:24)
    at async DevServer.renderToResponseImpl (C:\Users\smt1s\OneDrive\Belgeler\GitHub\LogIz\node_modules\next\dist\server\base-server.js:1517:32)
    at async DevServer.pipeImpl (C:\Users\smt1s\OneDrive\Belgeler\GitHub\LogIz\node_modules\next\dist\server\base-server.js:1023:25)
    at async NextNodeServer.handleCatchallRenderRequest (C:\Users\smt1s\OneDrive\Belgeler\GitHub\LogIz\node_modules\next\dist\server\next-server.js:394:17)
    at async DevServer.handleRequestImpl (C:\Users\smt1s\OneDrive\Belgeler\GitHub\LogIz\node_modules\next\dist\server\base-server.js:914:17)
    at async C:\Users\smt1s\OneDrive\Belgeler\GitHub\LogIz\node_modules\next\dist\server\dev\next-dev-server.js:373:20
    at async Span.traceAsyncFn (C:\Users\smt1s\OneDrive\Belgeler\GitHub\LogIz\node_modules\next\dist\trace\trace.js:157:20)
    at async DevServer.handleRequest (C:\Users\smt1s\OneDrive\Belgeler\GitHub\LogIz\node_modules\next\dist\server\dev\next-dev-server.js:369:24)
    at async invokeRender (C:\Users\smt1s\OneDrive\Belgeler\GitHub\LogIz\node_modules\next\dist\server\lib\router-server.js:240:21)
    at async handleRequest (C:\Users\smt1s\OneDrive\Belgeler\GitHub\LogIz\node_modules\next\dist\server\lib\router-server.js:436:24)
    at async requestHandlerImpl (C:\Users\smt1s\OneDrive\Belgeler\GitHub\LogIz\node_modules\next\dist\server\lib\router-server.js:484:13)
    at async Server.requestListener (C:\Users\smt1s\OneDrive\Belgeler\GitHub\LogIz\node_modules\next\dist\server\lib\start-server.js:226:13)
[2025-12-19T14:03:24.490Z] Python Analysis Failed: connect ECONNREFUSED 127.0.0.1:5000
[2025-12-19T14:03:24.532Z] Analysis Route Error: connect ECONNREFUSED 127.0.0.1:5000
Stack: Error: connect ECONNREFUSED 127.0.0.1:5000
    at analyzeLogWithPython (C:\Users\smt1s\OneDrive\Belgeler\GitHub\LogIz\.next\dev\server\chunks\[root-of-the-server]__10675486._.js:222:15)
    at process.processTicksAndRejections (node:internal/process/task_queues:105:5)
    at async POST (C:\Users\smt1s\OneDrive\Belgeler\GitHub\LogIz\.next\dev\server\chunks\[root-of-the-server]__10675486._.js:284:30)
    at async AppRouteRouteModule.do (C:\Users\smt1s\OneDrive\Belgeler\GitHub\LogIz\node_modules\next\dist\compiled\next-server\app-route-turbo.runtime.dev.js:23:37913)
    at async AppRouteRouteModule.handle (C:\Users\smt1s\OneDrive\Belgeler\GitHub\LogIz\node_modules\next\dist\compiled\next-server\app-route-turbo.runtime.dev.js:23:45132)
    at async responseGenerator (C:\Users\smt1s\OneDrive\Belgeler\GitHub\LogIz\.next\dev\server\chunks\node_modules_next_d8be0003._.js:14318:38)
    at async AppRouteRouteModule.handleResponse (C:\Users\smt1s\OneDrive\Belgeler\GitHub\LogIz\node_modules\next\dist\compiled\next-server\app-route-turbo.runtime.dev.js:19:132654)
    at async handleResponse (C:\Users\smt1s\OneDrive\Belgeler\GitHub\LogIz\.next\dev\server\chunks\node_modules_next_d8be0003._.js:14380:32)
    at async handler (C:\Users\smt1s\OneDrive\Belgeler\GitHub\LogIz\.next\dev\server\chunks\node_modules_next_d8be0003._.js:14433:13)
    at async DevServer.renderToResponseWithComponentsImpl (C:\Users\smt1s\OneDrive\Belgeler\GitHub\LogIz\node_modules\next\dist\server\base-server.js:1415:9)
    at async DevServer.renderPageComponent (C:\Users\smt1s\OneDrive\Belgeler\GitHub\LogIz\node_modules\next\dist\server\base-server.js:1467:24)
    at async DevServer.renderToResponseImpl (C:\Users\smt1s\OneDrive\Belgeler\GitHub\LogIz\node_modules\next\dist\server\base-server.js:1517:32)
    at async DevServer.pipeImpl (C:\Users\smt1s\OneDrive\Belgeler\GitHub\LogIz\node_modules\next\dist\server\base-server.js:1023:25)
    at async NextNodeServer.handleCatchallRenderRequest (C:\Users\smt1s\OneDrive\Belgeler\GitHub\LogIz\node_modules\next\dist\server\next-server.js:394:17)
    at async DevServer.handleRequestImpl (C:\Users\smt1s\OneDrive\Belgeler\GitHub\LogIz\node_modules\next\dist\server\base-server.js:914:17)
    at async C:\Users\smt1s\OneDrive\Belgeler\GitHub\LogIz\node_modules\next\dist\server\dev\next-dev-server.js:373:20
    at async Span.traceAsyncFn (C:\Users\smt1s\OneDrive\Belgeler\GitHub\LogIz\node_modules\next\dist\trace\trace.js:157:20)
    at async DevServer.handleRequest (C:\Users\smt1s\OneDrive\Belgeler\GitHub\LogIz\node_modules\next\dist\server\dev\next-dev-server.js:369:24)
    at async invokeRender (C:\Users\smt1s\OneDrive\Belgeler\GitHub\LogIz\node_modules\next\dist\server\lib\router-server.js:240:21)
    at async handleRequest (C:\Users\smt1s\OneDrive\Belgeler\GitHub\LogIz\node_modules\next\dist\server\lib\router-server.js:436:24)
    at async requestHandlerImpl (C:\Users\smt1s\OneDrive\Belgeler\GitHub\LogIz\node_modules\next\dist\server\lib\router-server.js:484:13)
    at async Server.requestListener (C:\Users\smt1s\OneDrive\Belgeler\GitHub\LogIz\node_modules\next\dist\server\lib\start-server.js:226:13)
