
[2025-12-09 14:36:05.628489] ERROR in upload_and_analyze:
The feature names should match those that were passed during fit.
Feature names unseen at fit time:
- dest_ip
- dest_port
- dttl
- duration
- protocol
- ...
Feature names seen at fit time, yet now missing:
- ackdat
- ct_dst_sport_ltm
- ct_flw_http_mthd
- ct_ftp_cmd
- ct_src_dport_ltm
- ...

Traceback (most recent call last):
  File "C:\Users\smt1s\OneDrive\Belgeler\GitHub\LogIz\app.py", line 164, in upload_and_analyze
    predictions = model.predict(X)
                  ^^^^^^^^^^^^^^^^
  File "C:\Users\smt1s\AppData\Local\Programs\Python\Python312\Lib\site-packages\sklearn\ensemble\_forest.py", line 905, in predict
    proba = self.predict_proba(X)
            ^^^^^^^^^^^^^^^^^^^^^
  File "C:\Users\smt1s\AppData\Local\Programs\Python\Python312\Lib\site-packages\sklearn\ensemble\_forest.py", line 947, in predict_proba
    X = self._validate_X_predict(X)
        ^^^^^^^^^^^^^^^^^^^^^^^^^^^
  File "C:\Users\smt1s\AppData\Local\Programs\Python\Python312\Lib\site-packages\sklearn\ensemble\_forest.py", line 641, in _validate_X_predict
    X = self._validate_data(
        ^^^^^^^^^^^^^^^^^^^^
  File "C:\Users\smt1s\AppData\Local\Programs\Python\Python312\Lib\site-packages\sklearn\base.py", line 608, in _validate_data
    self._check_feature_names(X, reset=reset)
  File "C:\Users\smt1s\AppData\Local\Programs\Python\Python312\Lib\site-packages\sklearn\base.py", line 535, in _check_feature_names
    raise ValueError(message)
ValueError: The feature names should match those that were passed during fit.
Feature names unseen at fit time:
- dest_ip
- dest_port
- dttl
- duration
- protocol
- ...
Feature names seen at fit time, yet now missing:
- ackdat
- ct_dst_sport_ltm
- ct_flw_http_mthd
- ct_ftp_cmd
- ct_src_dport_ltm
- ...


[2025-12-09 14:40:14.018345] ERROR in upload_and_analyze:
The feature names should match those that were passed during fit.
Feature names unseen at fit time:
- ct_dst_ltm
- ct_dst_src_ltm
- ct_src_ltm
- ct_srv_dst
- ct_srv_src
- ...

Traceback (most recent call last):
  File "C:\Users\smt1s\OneDrive\Belgeler\GitHub\LogIz\app.py", line 164, in upload_and_analyze
    predictions = model.predict(X)
                  ^^^^^^^^^^^^^^^^
  File "C:\Users\smt1s\AppData\Local\Programs\Python\Python312\Lib\site-packages\sklearn\ensemble\_forest.py", line 905, in predict
    proba = self.predict_proba(X)
            ^^^^^^^^^^^^^^^^^^^^^
  File "C:\Users\smt1s\AppData\Local\Programs\Python\Python312\Lib\site-packages\sklearn\ensemble\_forest.py", line 947, in predict_proba
    X = self._validate_X_predict(X)
        ^^^^^^^^^^^^^^^^^^^^^^^^^^^
  File "C:\Users\smt1s\AppData\Local\Programs\Python\Python312\Lib\site-packages\sklearn\ensemble\_forest.py", line 641, in _validate_X_predict
    X = self._validate_data(
        ^^^^^^^^^^^^^^^^^^^^
  File "C:\Users\smt1s\AppData\Local\Programs\Python\Python312\Lib\site-packages\sklearn\base.py", line 608, in _validate_data
    self._check_feature_names(X, reset=reset)
  File "C:\Users\smt1s\AppData\Local\Programs\Python\Python312\Lib\site-packages\sklearn\base.py", line 535, in _check_feature_names
    raise ValueError(message)
ValueError: The feature names should match those that were passed during fit.
Feature names unseen at fit time:
- ct_dst_ltm
- ct_dst_src_ltm
- ct_src_ltm
- ct_srv_dst
- ct_srv_src
- ...


[2025-12-09 14:51:05.648826] ERROR in upload_and_analyze:
The feature names should match those that were passed during fit.
Feature names unseen at fit time:
- dur,proto,service,state,spkts,dpkts,sbytes,dbytes,rate,sload,dload,sloss,dloss,sinpkt,dinpkt,sjit,djit,swin,stcpb,dtcpb,dwin,tcprtt,synack,ackdat,smean,dmean,trans_depth,response_body_len,ct_src_dport_ltm,ct_dst_sport_ltm,is_ftp_login,ct_ftp_cmd,ct_flw_http_mthd,is_sm_ips_ports,attack_cat,label
Feature names seen at fit time, yet now missing:
- ackdat
- ct_dst_sport_ltm
- ct_flw_http_mthd
- ct_ftp_cmd
- ct_src_dport_ltm
- ...

Traceback (most recent call last):
  File "C:\Users\smt1s\OneDrive\Belgeler\GitHub\LogIz\app.py", line 180, in upload_and_analyze
    predictions = model.predict(X)
                  ^^^^^^^^^^^^^^^^
  File "C:\Users\smt1s\AppData\Local\Programs\Python\Python312\Lib\site-packages\sklearn\ensemble\_forest.py", line 905, in predict
    proba = self.predict_proba(X)
            ^^^^^^^^^^^^^^^^^^^^^
  File "C:\Users\smt1s\AppData\Local\Programs\Python\Python312\Lib\site-packages\sklearn\ensemble\_forest.py", line 947, in predict_proba
    X = self._validate_X_predict(X)
        ^^^^^^^^^^^^^^^^^^^^^^^^^^^
  File "C:\Users\smt1s\AppData\Local\Programs\Python\Python312\Lib\site-packages\sklearn\ensemble\_forest.py", line 641, in _validate_X_predict
    X = self._validate_data(
        ^^^^^^^^^^^^^^^^^^^^
  File "C:\Users\smt1s\AppData\Local\Programs\Python\Python312\Lib\site-packages\sklearn\base.py", line 608, in _validate_data
    self._check_feature_names(X, reset=reset)
  File "C:\Users\smt1s\AppData\Local\Programs\Python\Python312\Lib\site-packages\sklearn\base.py", line 535, in _check_feature_names
    raise ValueError(message)
ValueError: The feature names should match those that were passed during fit.
Feature names unseen at fit time:
- dur,proto,service,state,spkts,dpkts,sbytes,dbytes,rate,sload,dload,sloss,dloss,sinpkt,dinpkt,sjit,djit,swin,stcpb,dtcpb,dwin,tcprtt,synack,ackdat,smean,dmean,trans_depth,response_body_len,ct_src_dport_ltm,ct_dst_sport_ltm,is_ftp_login,ct_ftp_cmd,ct_flw_http_mthd,is_sm_ips_ports,attack_cat,label
Feature names seen at fit time, yet now missing:
- ackdat
- ct_dst_sport_ltm
- ct_flw_http_mthd
- ct_ftp_cmd
- ct_src_dport_ltm
- ...


[2025-12-09 15:18:01.982339] ERROR in upload_and_analyze:
The feature names should match those that were passed during fit.
Feature names must be in the same order as they were in fit.

Traceback (most recent call last):
  File "C:\Users\smt1s\OneDrive\Belgeler\GitHub\LogIz\app.py", line 196, in upload_and_analyze
    predictions = model.predict(X)
                  ^^^^^^^^^^^^^^^^
  File "C:\Users\smt1s\AppData\Local\Programs\Python\Python312\Lib\site-packages\sklearn\ensemble\_forest.py", line 905, in predict
    proba = self.predict_proba(X)
            ^^^^^^^^^^^^^^^^^^^^^
  File "C:\Users\smt1s\AppData\Local\Programs\Python\Python312\Lib\site-packages\sklearn\ensemble\_forest.py", line 947, in predict_proba
    X = self._validate_X_predict(X)
        ^^^^^^^^^^^^^^^^^^^^^^^^^^^
  File "C:\Users\smt1s\AppData\Local\Programs\Python\Python312\Lib\site-packages\sklearn\ensemble\_forest.py", line 641, in _validate_X_predict
    X = self._validate_data(
        ^^^^^^^^^^^^^^^^^^^^
  File "C:\Users\smt1s\AppData\Local\Programs\Python\Python312\Lib\site-packages\sklearn\base.py", line 608, in _validate_data
    self._check_feature_names(X, reset=reset)
  File "C:\Users\smt1s\AppData\Local\Programs\Python\Python312\Lib\site-packages\sklearn\base.py", line 535, in _check_feature_names
    raise ValueError(message)
ValueError: The feature names should match those that were passed during fit.
Feature names must be in the same order as they were in fit.

