[2025-12-13T08:10:46.281Z] Database Save Error: 
Invalid `__TURBOPACK__imported__module__$5b$project$5d2f$lib$2f$prisma$2e$ts__$5b$app$2d$route$5d$__$28$ecmascript$29$__["prisma"].threat.create()` invocation in
C:\Users\smt1s\OneDrive\Belgeler\GitHub\LogIz\.next\dev\server\chunks\[root-of-the-server]__10675486._.js:368:153

  365         console.warn('GeoIP lookup failed:', e);
  366     }
  367 }
→ 368 return __TURBOPACK__imported__module__$5b$project$5d2f$lib$2f$prisma$2e$ts__$5b$app$2d$route$5d$__$28$ecmascript$29$__["prisma"].threat.create(
Can't reach database server at `aws-1-ap-northeast-1.pooler.supabase.com:6543`

Please make sure your database server is running at `aws-1-ap-northeast-1.pooler.supabase.com:6543`.
[2025-12-13T08:19:21.698Z] Database Save Error: 
Invalid `__TURBOPACK__imported__module__$5b$project$5d2f$lib$2f$prisma$2e$ts__$5b$app$2d$route$5d$__$28$ecmascript$29$__["prisma"].threat.create()` invocation in
C:\Users\smt1s\OneDrive\Belgeler\GitHub\LogIz\.next\dev\server\chunks\[root-of-the-server]__10675486._.js:368:153

  365         console.warn('GeoIP lookup failed:', e);
  366     }
  367 }
→ 368 return __TURBOPACK__imported__module__$5b$project$5d2f$lib$2f$prisma$2e$ts__$5b$app$2d$route$5d$__$28$ecmascript$29$__["prisma"].threat.create(
Can't reach database server at `aws-1-ap-northeast-1.pooler.supabase.com:6543`

Please make sure your database server is running at `aws-1-ap-northeast-1.pooler.supabase.com:6543`.
[2025-12-13T08:31:04.544Z] Database Save Error: 
Invalid `__TURBOPACK__imported__module__$5b$project$5d2f$lib$2f$prisma$2e$ts__$5b$app$2d$route$5d$__$28$ecmascript$29$__["prisma"].threat.create()` invocation in
C:\Users\smt1s\OneDrive\Belgeler\GitHub\LogIz\.next\dev\server\chunks\[root-of-the-server]__10675486._.js:368:153

  365         console.warn('GeoIP lookup failed:', e);
  366     }
  367 }
→ 368 return __TURBOPACK__imported__module__$5b$project$5d2f$lib$2f$prisma$2e$ts__$5b$app$2d$route$5d$__$28$ecmascript$29$__["prisma"].threat.create(
Can't reach database server at `aws-1-ap-northeast-1.pooler.supabase.com:6543`

Please make sure your database server is running at `aws-1-ap-northeast-1.pooler.supabase.com:6543`.
[2025-12-13T09:04:51.832Z] Database Save Error: 
Invalid `__TURBOPACK__imported__module__$5b$project$5d2f$lib$2f$prisma$2e$ts__$5b$app$2d$route$5d$__$28$ecmascript$29$__["prisma"].threat.create()` invocation in
C:\Users\smt1s\OneDrive\Belgeler\GitHub\LogIz\.next\dev\server\chunks\[root-of-the-server]__10675486._.js:377:153

  374         console.warn('GeoIP lookup failed:', e);
  375     }
  376 }
→ 377 return __TURBOPACK__imported__module__$5b$project$5d2f$lib$2f$prisma$2e$ts__$5b$app$2d$route$5d$__$28$ecmascript$29$__["prisma"].threat.create(
Can't reach database server at `aws-1-ap-northeast-1.pooler.supabase.com:6543`

Please make sure your database server is running at `aws-1-ap-northeast-1.pooler.supabase.com:6543`.
[2025-12-14T18:09:31.960Z] Database Save Error: 
Invalid `__TURBOPACK__imported__module__$5b$project$5d2f$lib$2f$prisma$2e$ts__$5b$app$2d$route$5d$__$28$ecmascript$29$__["prisma"].threat.create()` invocation in
C:\Users\smt1s\OneDrive\Belgeler\GitHub\LogIz\.next\dev\server\chunks\[root-of-the-server]__10675486._.js:328:153

  325         console.warn('GeoIP lookup failed:', e);
  326     }
  327 }
→ 328 return __TURBOPACK__imported__module__$5b$project$5d2f$lib$2f$prisma$2e$ts__$5b$app$2d$route$5d$__$28$ecmascript$29$__["prisma"].threat.create(
Timed out fetching a new connection from the connection pool. More info: http://pris.ly/d/connection-pool (Current connection pool timeout: 10, connection limit: 17)
[2025-12-15T08:08:35.577Z] Database Save Error: 
Invalid `__TURBOPACK__imported__module__$5b$project$5d2f$lib$2f$prisma$2e$ts__$5b$app$2d$route$5d$__$28$ecmascript$29$__["prisma"].threat.create()` invocation in
C:\Users\smt1s\OneDrive\Belgeler\GitHub\LogIz\.next\dev\server\chunks\[root-of-the-server]__10675486._.js:328:153

  325         console.warn('GeoIP lookup failed:', e);
  326     }
  327 }
→ 328 return __TURBOPACK__imported__module__$5b$project$5d2f$lib$2f$prisma$2e$ts__$5b$app$2d$route$5d$__$28$ecmascript$29$__["prisma"].threat.create(
Timed out fetching a new connection from the connection pool. More info: http://pris.ly/d/connection-pool (Current connection pool timeout: 10, connection limit: 17)
